# JRE version: OpenJDK Runtime Environment (11.0.4+11) (build 11.0.4+11)
# Java VM: OpenJDK 64-Bit Server VM (11.0.4+11, mixed mode, tiered, compressed oops, g1 gc, linux-amd64)
Heap:
 garbage-first heap   total 367616K, used 26826K [0x00000000e0000000, 0x0000000100000000)
  region size 1024K, 1 young (1024K), 1 survivors (1024K)
 Metaspace       used 44925K, capacity 45790K, committed 46156K, reserved 294912K
  class space    used 5597K, capacity 5933K, committed 6016K, reserved 253952K
GC Heap History (10 events):
Event: 9,635 GC heap after
{Heap after GC invocations=10 (full 0):
 garbage-first heap   total 262144K, used 26946K [0x00000000e0000000, 0x0000000100000000)
  region size 1024K, 7 young (7168K), 7 survivors (7168K)
 Metaspace       used 44853K, capacity 45720K, committed 45900K, reserved 294912K
  class space    used 5592K, capacity 5933K, committed 6016K, reserved 253952K
}
Event: 10,801 GC heap before
{Heap before GC invocations=10 (full 0):
 garbage-first heap   total 262144K, used 176450K [0x00000000e0000000, 0x0000000100000000)
  region size 1024K, 153 young (156672K), 7 survivors (7168K)
 Metaspace       used 44865K, capacity 45784K, committed 46156K, reserved 294912K
  class space    used 5592K, capacity 5933K, committed 6016K, reserved 253952K
}
Event: 11,988 GC heap after
{Heap after GC invocations=11 (full 0):
 garbage-first heap   total 262144K, used 26814K [0x00000000e0000000, 0x0000000100000000)
  region size 1024K, 7 young (7168K), 7 survivors (7168K)
 Metaspace       used 44865K, capacity 45784K, committed 46156K, reserved 294912K
  class space    used 5592K, capacity 5933K, committed 6016K, reserved 253952K
}
Event: 28,695 GC heap before
{Heap before GC invocations=11 (full 0):
 garbage-first heap   total 262144K, used 64702K [0x00000000e0000000, 0x0000000100000000)
  region size 1024K, 44 young (45056K), 7 survivors (7168K)
 Metaspace       used 44891K, capacity 45784K, committed 46156K, reserved 294912K
  class space    used 5595K, capacity 5933K, committed 6016K, reserved 253952K
}
Event: 31,012 GC heap after
{Heap after GC invocations=12 (full 0):
 garbage-first heap   total 262144K, used 26975K [0x00000000e0000000, 0x0000000100000000)
  region size 1024K, 2 young (2048K), 2 survivors (2048K)
 Metaspace       used 44891K, capacity 45784K, committed 46156K, reserved 294912K
  class space    used 5595K, capacity 5933K, committed 6016K, reserved 253952K
}
Event: 42,303 GC heap before
{Heap before GC invocations=12 (full 0):
 garbage-first heap   total 262144K, used 36191K [0x00000000e0000000, 0x0000000100000000)
  region size 1024K, 12 young (12288K), 2 survivors (2048K)
 Metaspace       used 44897K, capacity 45784K, committed 46156K, reserved 294912K
  class space    used 5595K, capacity 5933K, committed 6016K, reserved 253952K
}
Event: 49,639 GC heap after
{Heap after GC invocations=13 (full 0):
 garbage-first heap   total 262144K, used 27182K [0x00000000e0000000, 0x0000000100000000)
  region size 1024K, 1 young (1024K), 1 survivors (1024K)
 Metaspace       used 44897K, capacity 45784K, committed 46156K, reserved 294912K
  class space    used 5595K, capacity 5933K, committed 6016K, reserved 253952K
}
Event: 109,847 GC heap before
{Heap before GC invocations=13 (full 0):
 garbage-first heap   total 262144K, used 37422K [0x00000000e0000000, 0x0000000100000000)
  region size 1024K, 12 young (12288K), 1 survivors (1024K)
 Metaspace       used 44910K, capacity 45785K, committed 46156K, reserved 294912K
  class space    used 5596K, capacity 5933K, committed 6016K, reserved 253952K
}
Event: 115,219 GC heap after
{Heap after GC invocations=14 (full 0):
 garbage-first heap   total 262144K, used 26805K [0x00000000e0000000, 0x0000000100000000)
  region size 1024K, 1 young (1024K), 1 survivors (1024K)
 Metaspace       used 44910K, capacity 45785K, committed 46156K, reserved 294912K
  class space    used 5596K, capacity 5933K, committed 6016K, reserved 253952K
}
Event: 120,185 GC heap before
{Heap before GC invocations=14 (full 0):
 garbage-first heap   total 262144K, used 37045K [0x00000000e0000000, 0x0000000100000000)
  region size 1024K, 12 young (12288K), 1 survivors (1024K)
 Metaspace       used 44925K, capacity 45790K, committed 46156K, reserved 294912K
  class space    used 5597K, capacity 5933K, committed 6016K, reserved 253952K
}

